<?xml version="1.0" encoding="UTF-8"?>
<!-- Generated by org.testng.reporters.JUnitReportReporter -->
<testsuite hostname="ATMECSINLT-601" failures="0" tests="2" name="com.atmecs.assignments.Selenium.Assignment3_Travel" time="88.939" errors="0" timestamp="2020-09-18T11:44:13 IST" skipped="0">
  <testcase classname="com.atmecs.assignments.Selenium.Assignment3_Travel" name="twoWayTripSelectionTest" time="69.713"/>
  <system-out/>
  <testcase classname="com.atmecs.assignments.Selenium.Assignment3_Travel" name="handlingWindowTest" time="19.226"/>
  <system-out/>
</testsuite> <!-- com.atmecs.assignments.Selenium.Assignment3_Travel -->
