<?xml version="1.0" encoding="UTF-8"?>
<!-- Generated by org.testng.reporters.JUnitReportReporter -->
<testsuite hostname="ATMECSINLT-601" failures="0" tests="1" name="com.atmecs.automation.HandlingFramesUsingJavaScriptExecuter.HandlingFramesUsingJS" time="15.613" errors="0" timestamp="2020-09-20T11:08:28 IST" skipped="0">
  <testcase classname="com.atmecs.automation.HandlingFramesUsingJavaScriptExecuter.HandlingFramesUsingJS" name="handlingFrameAndClickChatIconTest" time="15.613"/>
  <system-out/>
</testsuite> <!-- com.atmecs.automation.HandlingFramesUsingJavaScriptExecuter.HandlingFramesUsingJS -->
