<?xml version="1.0" encoding="UTF-8"?>
<!-- Generated by org.testng.reporters.JUnitReportReporter -->
<testsuite hostname="ATMECSINLT-601" failures="0" tests="2" name="com.atmecs.assignments.Selenium.LocatorTest" time="12.627" errors="0" timestamp="2020-09-18T10:44:21 IST" skipped="0">
  <testcase classname="com.atmecs.assignments.Selenium.LocatorTest" name="handlingFrameAndClickChatIconTest" time="8.444"/>
  <system-out/>
  <testcase classname="com.atmecs.assignments.Selenium.LocatorTest" name="fillingRequiredFieldsTest" time="4.183"/>
  <system-out/>
</testsuite> <!-- com.atmecs.assignments.Selenium.LocatorTest -->
