<?xml version="1.0" encoding="UTF-8"?>
<!-- Generated by org.testng.reporters.JUnitReportReporter -->
<testsuite hostname="ATMECSINLT-601" failures="0" tests="1" name="com.atmecs.automation.DemoBlaze.SelectAndAddProductToCart" time="9.546" errors="0" timestamp="2020-09-20T11:16:03 IST" skipped="0">
  <testcase classname="com.atmecs.automation.DemoBlaze.SelectAndAddProductToCart" name="selectAndAddToCartProduct" time="9.546"/>
  <system-out/>
</testsuite> <!-- com.atmecs.automation.DemoBlaze.SelectAndAddProductToCart -->
