<?xml version="1.0" encoding="UTF-8"?>
<!-- Generated by org.testng.reporters.JUnitReportReporter -->
<testsuite hostname="ATMECSINLT-601" failures="0" tests="1" name="com.atmecs.automation.DemoBlaze.LogInTest" time="2.483" errors="0" timestamp="2020-09-18T19:51:22 IST" skipped="0">
  <testcase classname="com.atmecs.automation.DemoBlaze.LogInTest" name="logInTest" time="2.483"/>
  <system-out/>
</testsuite> <!-- com.atmecs.automation.DemoBlaze.LogInTest -->
