<?xml version="1.0" encoding="UTF-8"?>
<!-- Generated by org.testng.reporters.JUnitReportReporter -->
<testsuite hostname="ATMECSINLT-601" failures="0" tests="5" name="com.atmecs.assignments.Selenium.Assignment2" time="13.694" errors="1" timestamp="2020-09-15T20:49:33 IST" skipped="4">
  <testcase classname="com.atmecs.assignments.Selenium.Assignment2" name="settingAndLaunchingDriver" time="13.694">
    <error message="session not created
from chrome not reachable
  (Session info: chrome=85.0.4183.102)
Build info: version: &#039;3.141.59&#039;, revision: &#039;e82be7d358&#039;, time: &#039;2018-11-14T08:17:03&#039;
System info: host: &#039;ATMECSINLT-601&#039;, ip: &#039;192.168.163.1&#039;, os.name: &#039;Windows 10&#039;, os.arch: &#039;amd64&#039;, os.version: &#039;10.0&#039;, java.version: &#039;14.0.1&#039;
Driver info: driver.version: ChromeDriver
remote stacktrace: Backtrace:
	Ordinal0 [0x0123D343+3134275]
	Ordinal0 [0x0112A131+2007345]
	Ordinal0 [0x00FCAD70+568688]
	Ordinal0 [0x00FC1364+529252]
	Ordinal0 [0x00FC19FC+530940]
	Ordinal0 [0x00FC2C15+535573]
	Ordinal0 [0x00FBDFC5+516037]
	Ordinal0 [0x00FCBF50+573264]
	Ordinal0 [0x00F71916+203030]
	Ordinal0 [0x00F70C1D+199709]
	Ordinal0 [0x00F6EB0B+191243]
	Ordinal0 [0x00F52E77+77431]
	Ordinal0 [0x00F53E3E+81470]
	Ordinal0 [0x00F53DC9+81353]
	Ordinal0 [0x01140C99+2100377]
	GetHandleVerifier [0x013AB71A+1396954]
	GetHandleVerifier [0x013AB399+1396057]
	GetHandleVerifier [0x013B70E6+1444518]
	GetHandleVerifier [0x013ABCA8+1398376]
	Ordinal0 [0x01137F11+2064145]
	Ordinal0 [0x011422AB+2106027]
	Ordinal0 [0x011423D1+2106321]
	Ordinal0 [0x01154984+2181508]
	BaseThreadInitThunk [0x76786359+25]
	RtlGetAppContainerNamedObjectPath [0x76F57B74+228]
	RtlGetAppContainerNamedObjectPath [0x76F57B44+180]
" type="org.openqa.selenium.SessionNotCreatedException">
      <![CDATA[org.openqa.selenium.SessionNotCreatedException: session not created
from chrome not reachable
  (Session info: chrome=85.0.4183.102)
Build info: version: '3.141.59', revision: 'e82be7d358', time: '2018-11-14T08:17:03'
System info: host: 'ATMECSINLT-601', ip: '192.168.163.1', os.name: 'Windows 10', os.arch: 'amd64', os.version: '10.0', java.version: '14.0.1'
Driver info: driver.version: ChromeDriver
remote stacktrace: Backtrace:
Ordinal0 [0x0123D343+3134275]
Ordinal0 [0x0112A131+2007345]
Ordinal0 [0x00FCAD70+568688]
Ordinal0 [0x00FC1364+529252]
Ordinal0 [0x00FC19FC+530940]
Ordinal0 [0x00FC2C15+535573]
Ordinal0 [0x00FBDFC5+516037]
Ordinal0 [0x00FCBF50+573264]
Ordinal0 [0x00F71916+203030]
Ordinal0 [0x00F70C1D+199709]
Ordinal0 [0x00F6EB0B+191243]
Ordinal0 [0x00F52E77+77431]
Ordinal0 [0x00F53E3E+81470]
Ordinal0 [0x00F53DC9+81353]
Ordinal0 [0x01140C99+2100377]
GetHandleVerifier [0x013AB71A+1396954]
GetHandleVerifier [0x013AB399+1396057]
GetHandleVerifier [0x013B70E6+1444518]
GetHandleVerifier [0x013ABCA8+1398376]
Ordinal0 [0x01137F11+2064145]
Ordinal0 [0x011422AB+2106027]
Ordinal0 [0x011423D1+2106321]
Ordinal0 [0x01154984+2181508]
BaseThreadInitThunk [0x76786359+25]
RtlGetAppContainerNamedObjectPath [0x76F57B74+228]
RtlGetAppContainerNamedObjectPath [0x76F57B44+180]

at java.base/jdk.internal.reflect.NativeConstructorAccessorImpl.newInstance0(Native Method)
at java.base/jdk.internal.reflect.NativeConstructorAccessorImpl.newInstance(NativeConstructorAccessorImpl.java:62)
at java.base/jdk.internal.reflect.DelegatingConstructorAccessorImpl.newInstance(DelegatingConstructorAccessorImpl.java:45)
at java.base/java.lang.reflect.Constructor.newInstanceWithCaller(Constructor.java:500)
at java.base/java.lang.reflect.Constructor.newInstance(Constructor.java:481)
at org.openqa.selenium.remote.W3CHandshakeResponse.lambda$errorHandler$0(W3CHandshakeResponse.java:62)
at org.openqa.selenium.remote.HandshakeResponse.lambda$getResponseFunction$0(HandshakeResponse.java:30)
at org.openqa.selenium.remote.ProtocolHandshake.lambda$createSession$0(ProtocolHandshake.java:126)
at java.base/java.util.stream.ReferencePipeline$3$1.accept(ReferencePipeline.java:195)
at java.base/java.util.Spliterators$ArraySpliterator.tryAdvance(Spliterators.java:958)
at java.base/java.util.stream.ReferencePipeline.forEachWithCancel(ReferencePipeline.java:127)
at java.base/java.util.stream.AbstractPipeline.copyIntoWithCancel(AbstractPipeline.java:502)
at java.base/java.util.stream.AbstractPipeline.copyInto(AbstractPipeline.java:488)
at java.base/java.util.stream.AbstractPipeline.wrapAndCopyInto(AbstractPipeline.java:474)
at java.base/java.util.stream.FindOps$FindOp.evaluateSequential(FindOps.java:150)
at java.base/java.util.stream.AbstractPipeline.evaluate(AbstractPipeline.java:234)
at java.base/java.util.stream.ReferencePipeline.findFirst(ReferencePipeline.java:543)
at org.openqa.selenium.remote.ProtocolHandshake.createSession(ProtocolHandshake.java:128)
at org.openqa.selenium.remote.ProtocolHandshake.createSession(ProtocolHandshake.java:74)
at org.openqa.selenium.remote.HttpCommandExecutor.execute(HttpCommandExecutor.java:136)
at org.openqa.selenium.remote.service.DriverCommandExecutor.execute(DriverCommandExecutor.java:83)
at org.openqa.selenium.remote.RemoteWebDriver.execute(RemoteWebDriver.java:552)
at org.openqa.selenium.remote.RemoteWebDriver.startSession(RemoteWebDriver.java:213)
at org.openqa.selenium.remote.RemoteWebDriver.<init>(RemoteWebDriver.java:131)
at org.openqa.selenium.chrome.ChromeDriver.<init>(ChromeDriver.java:181)
at org.openqa.selenium.chrome.ChromeDriver.<init>(ChromeDriver.java:168)
at org.openqa.selenium.chrome.ChromeDriver.<init>(ChromeDriver.java:123)
at com.atmecs.assignments.Selenium.Assignment2.settingAndLaunchingDriver(Assignment2.java:22)
at java.base/jdk.internal.reflect.NativeMethodAccessorImpl.invoke0(Native Method)
at java.base/jdk.internal.reflect.NativeMethodAccessorImpl.invoke(NativeMethodAccessorImpl.java:62)
at java.base/jdk.internal.reflect.DelegatingMethodAccessorImpl.invoke(DelegatingMethodAccessorImpl.java:43)
at java.base/java.lang.reflect.Method.invoke(Method.java:564)
at org.testng.internal.MethodInvocationHelper.invokeMethod(MethodInvocationHelper.java:135)
at org.testng.internal.MethodInvocationHelper.invokeMethodConsideringTimeout(MethodInvocationHelper.java:64)
at org.testng.internal.ConfigInvoker.invokeConfigurationMethod(ConfigInvoker.java:364)
at org.testng.internal.ConfigInvoker.invokeConfigurations(ConfigInvoker.java:318)
at org.testng.TestRunner.invokeTestConfigurations(TestRunner.java:620)
at org.testng.TestRunner.beforeRun(TestRunner.java:610)
at org.testng.TestRunner.run(TestRunner.java:581)
at org.testng.SuiteRunner.runTest(SuiteRunner.java:384)
at org.testng.SuiteRunner.runSequentially(SuiteRunner.java:378)
at org.testng.SuiteRunner.privateRun(SuiteRunner.java:337)
at org.testng.SuiteRunner.run(SuiteRunner.java:286)
at org.testng.SuiteRunnerWorker.runSuite(SuiteRunnerWorker.java:53)
at org.testng.SuiteRunnerWorker.run(SuiteRunnerWorker.java:96)
at org.testng.TestNG.runSuitesSequentially(TestNG.java:1214)
at org.testng.TestNG.runSuitesLocally(TestNG.java:1136)
at org.testng.TestNG.runSuites(TestNG.java:1066)
at org.testng.TestNG.run(TestNG.java:1034)
at org.testng.remote.AbstractRemoteTestNG.run(AbstractRemoteTestNG.java:115)
at org.testng.remote.RemoteTestNG.initAndRun(RemoteTestNG.java:251)
at org.testng.remote.RemoteTestNG.main(RemoteTestNG.java:77)
]]>
    </error>
  </testcase> <!-- settingAndLaunchingDriver -->
  <system-out/>
  <testcase classname="com.atmecs.assignments.Selenium.Assignment2" name="signUpTest" time="0.000">
    <skipped/>
  </testcase> <!-- signUpTest -->
  <system-out/>
  <testcase classname="com.atmecs.assignments.Selenium.Assignment2" name="logInTest" time="0.000">
    <skipped/>
  </testcase> <!-- logInTest -->
  <system-out/>
  <testcase classname="com.atmecs.assignments.Selenium.Assignment2" name="selectAndAddToCartProduct" time="0.000">
    <skipped/>
  </testcase> <!-- selectAndAddToCartProduct -->
  <system-out/>
  <testcase classname="com.atmecs.assignments.Selenium.Assignment2" name="contactUsScript" time="0.000">
    <skipped/>
  </testcase> <!-- contactUsScript -->
  <system-out/>
</testsuite> <!-- com.atmecs.assignments.Selenium.Assignment2 -->
