<?xml version="1.0" encoding="UTF-8"?>
<!-- Generated by org.testng.reporters.JUnitReportReporter -->
<testsuite hostname="ATMECSINLT-601" failures="0" tests="1" name="com.atmecs.automation.AutomatingTravelSite.LoginWindowHandling" time="16.094" errors="0" timestamp="2020-09-21T12:04:44 IST" skipped="0">
  <testcase classname="com.atmecs.automation.AutomatingTravelSite.LoginWindowHandling" name="handlingWindowTest" time="16.094"/>
  <system-out/>
</testsuite> <!-- com.atmecs.automation.AutomatingTravelSite.LoginWindowHandling -->
