<?xml version="1.0" encoding="UTF-8"?>
<!-- Generated by org.testng.reporters.JUnitReportReporter -->
<testsuite hostname="ATMECSINLT-601" failures="0" tests="1" name="com.atmecs.assignments.Selenium.Assignment3_TravelSite" time="50.272" errors="0" timestamp="2020-09-16T16:40:41 IST" skipped="0">
  <testcase classname="com.atmecs.assignments.Selenium.Assignment3_TravelSite" name="handlingWindowTest" time="50.272"/>
  <system-out/>
</testsuite> <!-- com.atmecs.assignments.Selenium.Assignment3_TravelSite -->
