<?xml version="1.0" encoding="UTF-8"?>
<!-- Generated by org.testng.reporters.JUnitReportReporter -->
<testsuite hostname="ATMECSINLT-601" failures="0" tests="1" name="com.atmecs.assignments.Selenium.Assignment4" time="7.549" errors="0" timestamp="2020-09-16T22:20:48 IST" skipped="0">
  <testcase classname="com.atmecs.assignments.Selenium.Assignment4" name="chatBoxTest" time="7.549"/>
  <system-out/>
</testsuite> <!-- com.atmecs.assignments.Selenium.Assignment4 -->
