<?xml version="1.0" encoding="UTF-8"?>
<!-- Generated by org.testng.reporters.JUnitReportReporter -->
<testsuite hostname="ATMECSINLT-601" failures="0" tests="1" name="com.atmecs.automation.DemoBlaze.SelectAndAddProductToCart" time="0.000" errors="0" timestamp="2020-09-21T20:33:36 IST" skipped="1">
  <testcase classname="com.atmecs.automation.DemoBlaze.SelectAndAddProductToCart" name="selectAndAddToCartProduct" time="0.000">
    <skipped/>
  </testcase> <!-- selectAndAddToCartProduct -->
  <system-out/>
</testsuite> <!-- com.atmecs.automation.DemoBlaze.SelectAndAddProductToCart -->
