<?xml version="1.0" encoding="UTF-8"?>
<!-- Generated by org.testng.reporters.JUnitReportReporter -->
<testsuite hostname="ATMECSINLT-601" failures="0" tests="4" name="com.atmecs.assignments.Selenium.Assignment2" time="22.717" errors="0" timestamp="2020-09-13T15:36:38 IST" skipped="0">
  <testcase classname="com.atmecs.assignments.Selenium.Assignment2" name="signUpTest" time="3.475"/>
  <system-out/>
  <testcase classname="com.atmecs.assignments.Selenium.Assignment2" name="logInTest" time="2.368"/>
  <system-out/>
  <testcase classname="com.atmecs.assignments.Selenium.Assignment2" name="selectAndAddToCartProduct" time="14.323"/>
  <system-out/>
  <testcase classname="com.atmecs.assignments.Selenium.Assignment2" name="contactUsScript" time="2.551"/>
  <system-out/>
</testsuite> <!-- com.atmecs.assignments.Selenium.Assignment2 -->
