<?xml version="1.0" encoding="UTF-8"?>
<!-- Generated by org.testng.reporters.JUnitReportReporter -->
<testsuite hostname="ATMECSINLT-601" failures="0" tests="2" name="com.atmecs.assignments.Selenium.Assignment4" time="25.778" errors="0" timestamp="2020-09-17T15:28:32 IST" skipped="0">
  <testcase classname="com.atmecs.assignments.Selenium.Assignment4" name="handlingFrameAndClickChatIconTest" time="8.574"/>
  <system-out/>
  <testcase classname="com.atmecs.assignments.Selenium.Assignment4" name="fillingRequiredFieldsTest" time="17.204"/>
  <system-out/>
</testsuite> <!-- com.atmecs.assignments.Selenium.Assignment4 -->
