<?xml version="1.0" encoding="UTF-8"?>
<!-- Generated by org.testng.reporters.JUnitReportReporter -->
<testsuite hostname="ATMECSINLT-601" failures="0" tests="2" name="com.atmecs.automation.travelSiteAutomation.Assignment3_Travel" time="90.234" errors="0" timestamp="2020-09-18T16:24:00 IST" skipped="0">
  <testcase classname="com.atmecs.automation.travelSiteAutomation.Assignment3_Travel" name="twoWayTripSelectionTest" time="68.833"/>
  <system-out/>
  <testcase classname="com.atmecs.automation.travelSiteAutomation.Assignment3_Travel" name="handlingWindowTest" time="21.401"/>
  <system-out/>
</testsuite> <!-- com.atmecs.automation.travelSiteAutomation.Assignment3_Travel -->
