<?xml version="1.0" encoding="UTF-8"?>
<!-- Generated by org.testng.reporters.JUnitReportReporter -->
<testsuite hostname="ATMECSINLT-601" failures="0" tests="3" name="com.atmecs.automation.Annotations.Assignmant1" time="5.903" errors="0" timestamp="2020-09-18T20:03:49 IST" skipped="0">
  <testcase classname="com.atmecs.automation.Annotations.Assignmant1" name="settingAndLaunchingDriver" time="5.883"/>
  <system-out/>
  <testcase classname="com.atmecs.automation.Annotations.Assignmant1" name="gettingAndValidatingUrl" time="0.012"/>
  <system-out/>
  <testcase classname="com.atmecs.automation.Annotations.Assignmant1" name="gettingPageTitle" time="0.008"/>
  <system-out/>
</testsuite> <!-- com.atmecs.automation.Annotations.Assignmant1 -->
