<?xml version="1.0" encoding="UTF-8"?>
<!-- Generated by org.testng.reporters.JUnitReportReporter -->
<testsuite hostname="ATMECSINLT-601" failures="0" tests="2" name="com.atmecs.assignments.Selenium.Assignment3_Travel" time="38.121" errors="0" timestamp="2020-09-16T19:33:55 IST" skipped="0">
  <testcase classname="com.atmecs.assignments.Selenium.Assignment3_Travel" name="twoWayTripSelectionTest" time="19.467"/>
  <system-out/>
  <testcase classname="com.atmecs.assignments.Selenium.Assignment3_Travel" name="handlingWindowTest" time="18.654"/>
  <system-out/>
</testsuite> <!-- com.atmecs.assignments.Selenium.Assignment3_Travel -->
