<?xml version="1.0" encoding="UTF-8"?>
<!-- Generated by org.testng.reporters.JUnitReportReporter -->
<testsuite hostname="ATMECSINLT-601" failures="0" tests="1" name="com.atmecs.automation.HandlingFramesUsingJavaScriptExecuter.HandlingFramesUsingJS" time="17.226" errors="0" timestamp="2020-09-20T16:17:54 IST" skipped="0">
  <testcase classname="com.atmecs.automation.HandlingFramesUsingJavaScriptExecuter.HandlingFramesUsingJS" name="handlingFrameAndClickChatIconTest" time="17.226"/>
  <system-out/>
</testsuite> <!-- com.atmecs.automation.HandlingFramesUsingJavaScriptExecuter.HandlingFramesUsingJS -->
