<?xml version="1.0" encoding="UTF-8"?>
<!-- Generated by org.testng.reporters.JUnitReportReporter -->
<testsuite hostname="ATMECSINLT-601" failures="0" tests="2" name="com.atmecs.assignments.Selenium.Assignment3_Registration" time="18.678" errors="0" timestamp="2020-09-18T12:40:48 IST" skipped="0">
  <testcase classname="com.atmecs.assignments.Selenium.Assignment3_Registration" name="registerationTest" time="2.077"/>
  <system-out/>
  <testcase classname="com.atmecs.assignments.Selenium.Assignment3_Registration" name="windowsHandling" time="16.601"/>
  <system-out/>
</testsuite> <!-- com.atmecs.assignments.Selenium.Assignment3_Registration -->
