<?xml version="1.0" encoding="UTF-8"?>
<!-- Generated by org.testng.reporters.JUnitReportReporter -->
<testsuite hostname="ATMECSINLT-601" failures="0" tests="2" name="com.atmecs.assignments.Selenium.Assignment3_Registration" time="13.951" errors="0" timestamp="2020-09-16T10:57:03 IST" skipped="0">
  <testcase classname="com.atmecs.assignments.Selenium.Assignment3_Registration" name="registerationTest" time="1.811"/>
  <system-out/>
  <testcase classname="com.atmecs.assignments.Selenium.Assignment3_Registration" name="windowsHandling" time="12.140"/>
  <system-out/>
</testsuite> <!-- com.atmecs.assignments.Selenium.Assignment3_Registration -->
