<?xml version="1.0" encoding="UTF-8"?>
<!-- Generated by org.testng.reporters.JUnitReportReporter -->
<testsuite hostname="ATMECSINLT-601" failures="0" tests="2" name="com.atmecs.assignments.Selenium.Assignment4" time="24.894" errors="0" timestamp="2020-09-17T13:55:02 IST" skipped="0">
  <testcase classname="com.atmecs.assignments.Selenium.Assignment4" name="handlingFrameAndClickChatIconTest" time="7.678"/>
  <system-out/>
  <testcase classname="com.atmecs.assignments.Selenium.Assignment4" name="fillingRequiredFieldsTest" time="17.216"/>
  <system-out/>
</testsuite> <!-- com.atmecs.assignments.Selenium.Assignment4 -->
