<?xml version="1.0" encoding="UTF-8"?>
<!-- Generated by org.testng.reporters.JUnitReportReporter -->
<testsuite hostname="ATMECSINLT-601" failures="0" tests="2" name="com.atmecs.automation.selenium.Assignments.Assignment3_RegistrationFormFilling" time="16.724" errors="0" timestamp="2020-09-18T16:53:27 IST" skipped="0">
  <testcase classname="com.atmecs.automation.selenium.Assignments.Assignment3_RegistrationFormFilling" name="registerationTest" time="2.239"/>
  <system-out/>
  <testcase classname="com.atmecs.automation.selenium.Assignments.Assignment3_RegistrationFormFilling" name="windowsHandling" time="14.485"/>
  <system-out/>
</testsuite> <!-- com.atmecs.automation.selenium.Assignments.Assignment3_RegistrationFormFilling -->
