<?xml version="1.0" encoding="UTF-8"?>
<!-- Generated by org.testng.reporters.JUnitReportReporter -->
<testsuite hostname="ATMECSINLT-601" failures="0" tests="1" name="com.atmecs.automation.demoAutomation.RegistrationTest" time="0.000" errors="0" timestamp="2020-09-18T14:28:31 IST" skipped="1">
  <testcase classname="com.atmecs.automation.demoAutomation.RegistrationTest" name="registerationTest" time="0.000">
    <skipped/>
  </testcase> <!-- registerationTest -->
  <system-out/>
</testsuite> <!-- com.atmecs.automation.demoAutomation.RegistrationTest -->
