<?xml version="1.0" encoding="UTF-8"?>
<!-- Generated by org.testng.reporters.JUnitReportReporter -->
<testsuite hostname="ATMECSINLT-601" failures="0" tests="1" name="com.atmecs.automation.AutomatingTravelSite.LoginWindowHandling" time="18.622" errors="0" timestamp="2020-09-18T20:02:58 IST" skipped="0">
  <testcase classname="com.atmecs.automation.AutomatingTravelSite.LoginWindowHandling" name="handlingWindowTest" time="18.622"/>
  <system-out/>
</testsuite> <!-- com.atmecs.automation.AutomatingTravelSite.LoginWindowHandling -->
