<?xml version="1.0" encoding="UTF-8"?>
<!-- Generated by org.testng.reporters.JUnitReportReporter -->
<testsuite hostname="ATMECSINLT-601" failures="0" tests="2" name="com.atmecs.assignments.Selenium.Assignmant1" time="6.380" errors="0" timestamp="2020-09-10T13:39:16 IST" skipped="0">
  <testcase classname="com.atmecs.assignments.Selenium.Assignmant1" name="settingAndLaunchingDriver" time="6.358"/>
  <system-out/>
  <testcase classname="com.atmecs.assignments.Selenium.Assignmant1" name="validatingPage" time="0.022"/>
  <system-out/>
</testsuite> <!-- com.atmecs.assignments.Selenium.Assignmant1 -->
