<?xml version="1.0" encoding="UTF-8"?>
<!-- Generated by org.testng.reporters.JUnitReportReporter -->
<testsuite hostname="ATMECSINLT-601" failures="0" tests="2" name="com.atmecs.assignments.Selenium.Assignment3" time="15.808" errors="0" timestamp="2020-09-18T12:45:52 IST" skipped="0">
  <testcase classname="com.atmecs.assignments.Selenium.Assignment3" name="registerationTest" time="2.114"/>
  <system-out/>
  <testcase classname="com.atmecs.assignments.Selenium.Assignment3" name="windowsHandling" time="13.694"/>
  <system-out/>
</testsuite> <!-- com.atmecs.assignments.Selenium.Assignment3 -->
