<?xml version="1.0" encoding="UTF-8"?>
<!-- Generated by org.testng.reporters.JUnitReportReporter -->
<testsuite hostname="ATMECSINLT-601" failures="0" tests="2" name="com.atmecs.assignments.Selenium.Assignment3_Registration" time="0.000" errors="0" timestamp="2020-09-15T20:49:33 IST" skipped="2">
  <testcase classname="com.atmecs.assignments.Selenium.Assignment3_Registration" name="registerationTest" time="0.000">
    <skipped/>
  </testcase> <!-- registerationTest -->
  <system-out/>
  <testcase classname="com.atmecs.assignments.Selenium.Assignment3_Registration" name="windowsHandling" time="0.000">
    <skipped/>
  </testcase> <!-- windowsHandling -->
  <system-out/>
</testsuite> <!-- com.atmecs.assignments.Selenium.Assignment3_Registration -->
