<?xml version="1.0" encoding="UTF-8"?>
<!-- Generated by org.testng.reporters.JUnitReportReporter -->
<testsuite hostname="ATMECSINLT-601" failures="0" tests="2" name="com.atmecs.assignments.Selenium.Assignmant1" time="7.070" errors="0" timestamp="2020-09-10T19:26:46 IST" skipped="0">
  <testcase classname="com.atmecs.assignments.Selenium.Assignmant1" name="settingAndLaunchingDriver" time="7.052"/>
  <system-out/>
  <testcase classname="com.atmecs.assignments.Selenium.Assignmant1" name="validatingPage" time="0.018"/>
  <system-out/>
</testsuite> <!-- com.atmecs.assignments.Selenium.Assignmant1 -->
