<?xml version="1.0" encoding="UTF-8"?>
<!-- Generated by org.testng.reporters.JUnitReportReporter -->
<testsuite hostname="ATMECSINLT-601" failures="0" tests="1" name="com.atmecs.automation.DemoBlaze.SignInTest" time="3.516" errors="0" timestamp="2020-09-20T11:16:03 IST" skipped="0">
  <testcase classname="com.atmecs.automation.DemoBlaze.SignInTest" name="signUpTest" time="3.516"/>
  <system-out/>
</testsuite> <!-- com.atmecs.automation.DemoBlaze.SignInTest -->
