<?xml version="1.0" encoding="UTF-8"?>
<!-- Generated by org.testng.reporters.JUnitReportReporter -->
<testsuite hostname="ATMECSINLT-601" failures="0" tests="3" name="com.atmecs.assignments.Selenium.Assignmant1" time="6.145" errors="0" timestamp="2020-09-11T13:40:51 IST" skipped="0">
  <testcase classname="com.atmecs.assignments.Selenium.Assignmant1" name="settingAndLaunchingDriver" time="6.116"/>
  <system-out/>
  <testcase classname="com.atmecs.assignments.Selenium.Assignmant1" name="gettingAndValidatingUrl" time="0.014"/>
  <system-out/>
  <testcase classname="com.atmecs.assignments.Selenium.Assignmant1" name="gettingPageTitle" time="0.015"/>
  <system-out/>
</testsuite> <!-- com.atmecs.assignments.Selenium.Assignmant1 -->
