<?xml version="1.0" encoding="UTF-8"?>
<!-- Generated by org.testng.reporters.JUnitReportReporter -->
<testsuite hostname="ATMECSINLT-601" failures="0" tests="2" name="com.atmecs.automation.travelSiteAutomation.Assignment3_RegistrationFormFilling" time="15.704" errors="0" timestamp="2020-09-18T16:21:19 IST" skipped="0">
  <testcase classname="com.atmecs.automation.travelSiteAutomation.Assignment3_RegistrationFormFilling" name="registerationTest" time="2.145"/>
  <system-out/>
  <testcase classname="com.atmecs.automation.travelSiteAutomation.Assignment3_RegistrationFormFilling" name="windowsHandling" time="13.559"/>
  <system-out/>
</testsuite> <!-- com.atmecs.automation.travelSiteAutomation.Assignment3_RegistrationFormFilling -->
