<?xml version="1.0" encoding="UTF-8"?>
<!-- Generated by org.testng.reporters.JUnitReportReporter -->
<testsuite hostname="ATMECSINLT-601" failures="0" tests="2" name="com.atmecs.automation.HandlingFramesUsingJavaScriptExecuter.HandlingFramesUsingJS" time="11.422" errors="0" timestamp="2020-09-18T19:12:26 IST" skipped="0">
  <testcase classname="com.atmecs.automation.HandlingFramesUsingJavaScriptExecuter.HandlingFramesUsingJS" name="handlingFrameAndClickChatIconTest" time="7.135"/>
  <system-out/>
  <testcase classname="com.atmecs.automation.HandlingFramesUsingJavaScriptExecuter.HandlingFramesUsingJS" name="fillingRequiredFieldsTest" time="4.287"/>
  <system-out/>
</testsuite> <!-- com.atmecs.automation.HandlingFramesUsingJavaScriptExecuter.HandlingFramesUsingJS -->
