<?xml version="1.0" encoding="UTF-8"?>
<!-- Generated by org.testng.reporters.JUnitReportReporter -->
<testsuite hostname="ATMECSINLT-601" failures="0" tests="3" name="com.atmecs.assignments.Selenium.Assignmant1" time="6.564" errors="0" timestamp="2020-09-14T17:41:13 IST" skipped="0">
  <testcase classname="com.atmecs.assignments.Selenium.Assignmant1" name="settingAndLaunchingDriver" time="6.532"/>
  <system-out/>
  <testcase classname="com.atmecs.assignments.Selenium.Assignmant1" name="gettingAndValidatingUrl" time="0.018"/>
  <system-out/>
  <testcase classname="com.atmecs.assignments.Selenium.Assignmant1" name="gettingPageTitle" time="0.014"/>
  <system-out/>
</testsuite> <!-- com.atmecs.assignments.Selenium.Assignmant1 -->
