<?xml version="1.0" encoding="UTF-8"?>
<!-- Generated by org.testng.reporters.JUnitReportReporter -->
<testsuite hostname="ATMECSINLT-601" failures="0" tests="3" name="com.atmecs.automation.Annotations.DifferentAnnotations" time="5.478" errors="0" timestamp="2020-09-21T12:05:05 IST" skipped="0">
  <testcase classname="com.atmecs.automation.Annotations.DifferentAnnotations" name="settingAndLaunchingDriver" time="5.455"/>
  <system-out/>
  <testcase classname="com.atmecs.automation.Annotations.DifferentAnnotations" name="gettingAndValidatingUrl" time="0.015"/>
  <system-out/>
  <testcase classname="com.atmecs.automation.Annotations.DifferentAnnotations" name="gettingPageTitle" time="0.008"/>
  <system-out/>
</testsuite> <!-- com.atmecs.automation.Annotations.DifferentAnnotations -->
