<?xml version="1.0" encoding="UTF-8"?>
<!-- Generated by org.testng.reporters.JUnitReportReporter -->
<testsuite hostname="ATMECSINLT-601" failures="0" tests="2" name="com.atmecs.automation.travelSiteAutomation.Assignment4" time="12.329" errors="0" timestamp="2020-09-18T16:22:11 IST" skipped="0">
  <testcase classname="com.atmecs.automation.travelSiteAutomation.Assignment4" name="handlingFrameAndClickChatIconTest" time="8.227"/>
  <system-out/>
  <testcase classname="com.atmecs.automation.travelSiteAutomation.Assignment4" name="fillingRequiredFieldsTest" time="4.102"/>
  <system-out/>
</testsuite> <!-- com.atmecs.automation.travelSiteAutomation.Assignment4 -->
