<?xml version="1.0" encoding="UTF-8"?>
<!-- Generated by org.testng.reporters.JUnitReportReporter -->
<testsuite hostname="ATMECSINLT-601" failures="0" tests="3" name="com.atmecs.automation.selenium.Assignments.Assignmant1" time="5.116" errors="0" timestamp="2020-09-18T16:53:27 IST" skipped="0">
  <testcase classname="com.atmecs.automation.selenium.Assignments.Assignmant1" name="settingAndLaunchingDriver" time="5.099"/>
  <system-out/>
  <testcase classname="com.atmecs.automation.selenium.Assignments.Assignmant1" name="gettingAndValidatingUrl" time="0.008"/>
  <system-out/>
  <testcase classname="com.atmecs.automation.selenium.Assignments.Assignmant1" name="gettingPageTitle" time="0.009"/>
  <system-out/>
</testsuite> <!-- com.atmecs.automation.selenium.Assignments.Assignmant1 -->
