<?xml version="1.0" encoding="UTF-8"?>
<!-- Generated by org.testng.reporters.JUnitReportReporter -->
<testsuite hostname="ATMECSINLT-601" failures="0" tests="2" name="com.atmecs.assignments.Selenium.Assignment3_Travel" time="42.085" errors="0" timestamp="2020-09-16T20:53:50 IST" skipped="0">
  <testcase classname="com.atmecs.assignments.Selenium.Assignment3_Travel" name="twoWayTripSelectionTest" time="19.803"/>
  <system-out/>
  <testcase classname="com.atmecs.assignments.Selenium.Assignment3_Travel" name="handlingWindowTest" time="22.282"/>
  <system-out/>
</testsuite> <!-- com.atmecs.assignments.Selenium.Assignment3_Travel -->
