<?xml version="1.0" encoding="UTF-8"?>
<!-- Generated by org.testng.reporters.JUnitReportReporter -->
<testsuite hostname="ATMECSINLT-601" failures="0" tests="2" name="com.atmecs.assignments.Selenium.Assignment3_Registration" time="16.727" errors="0" timestamp="2020-09-16T11:36:27 IST" skipped="0">
  <testcase classname="com.atmecs.assignments.Selenium.Assignment3_Registration" name="registerationTest" time="1.965"/>
  <system-out/>
  <testcase classname="com.atmecs.assignments.Selenium.Assignment3_Registration" name="windowsHandling" time="14.762"/>
  <system-out/>
</testsuite> <!-- com.atmecs.assignments.Selenium.Assignment3_Registration -->
