<?xml version="1.0" encoding="UTF-8"?>
<!-- Generated by org.testng.reporters.JUnitReportReporter -->
<testsuite hostname="ATMECSINLT-601" failures="0" tests="3" name="com.atmecs.assignments.Selenium.Assignmant1" time="0.000" errors="0" timestamp="2020-09-15T20:49:33 IST" skipped="3">
  <testcase classname="com.atmecs.assignments.Selenium.Assignmant1" name="settingAndLaunchingDriver" time="0.000">
    <skipped/>
  </testcase> <!-- settingAndLaunchingDriver -->
  <system-out/>
  <testcase classname="com.atmecs.assignments.Selenium.Assignmant1" name="gettingAndValidatingUrl" time="0.000">
    <skipped/>
  </testcase> <!-- gettingAndValidatingUrl -->
  <system-out/>
  <testcase classname="com.atmecs.assignments.Selenium.Assignmant1" name="gettingPageTitle" time="0.000">
    <skipped/>
  </testcase> <!-- gettingPageTitle -->
  <system-out/>
</testsuite> <!-- com.atmecs.assignments.Selenium.Assignmant1 -->
