<?xml version="1.0" encoding="UTF-8"?>
<!-- Generated by org.testng.reporters.JUnitReportReporter -->
<testsuite hostname="ATMECSINLT-601" failures="0" tests="1" name="com.atmecs.automation.AutomatingTravelSite.SearchingFlights" time="122.246" errors="0" timestamp="2020-09-18T20:36:42 IST" skipped="0">
  <testcase classname="com.atmecs.automation.AutomatingTravelSite.SearchingFlights" name="twoWayTripSelectionTest" time="122.246"/>
  <system-out/>
</testsuite> <!-- com.atmecs.automation.AutomatingTravelSite.SearchingFlights -->
