<?xml version="1.0" encoding="UTF-8"?>
<!-- Generated by org.testng.reporters.JUnitReportReporter -->
<testsuite hostname="ATMECSINLT-601" failures="0" tests="4" name="com.atmecs.assignments.Selenium.Assignment2" time="27.341" errors="0" timestamp="2020-09-12T21:33:24 IST" skipped="0">
  <testcase classname="com.atmecs.assignments.Selenium.Assignment2" name="signInTest" time="3.530"/>
  <system-out/>
  <testcase classname="com.atmecs.assignments.Selenium.Assignment2" name="logInTest" time="2.390"/>
  <system-out/>
  <testcase classname="com.atmecs.assignments.Selenium.Assignment2" name="selectAndAddToCartProduct" time="18.688"/>
  <system-out/>
  <testcase classname="com.atmecs.assignments.Selenium.Assignment2" name="contactUsScript" time="2.733"/>
  <system-out/>
</testsuite> <!-- com.atmecs.assignments.Selenium.Assignment2 -->
