<?xml version="1.0" encoding="UTF-8"?>
<!-- Generated by org.testng.reporters.JUnitReportReporter -->
<testsuite hostname="ATMECSINLT-601" failures="0" tests="1" name="com.atmecs.automation.demoAutomation.RegistratinFormFilling" time="2.877" errors="0" timestamp="2020-09-20T11:18:46 IST" skipped="0">
  <testcase classname="com.atmecs.automation.demoAutomation.RegistratinFormFilling" name="registerationTest" time="2.877"/>
  <system-out/>
</testsuite> <!-- com.atmecs.automation.demoAutomation.RegistratinFormFilling -->
