<?xml version="1.0" encoding="UTF-8"?>
<!-- Generated by org.testng.reporters.JUnitReportReporter -->
<testsuite hostname="ATMECSINLT-601" failures="0" tests="2" name="com.atmecs.assignments.Selenium.LocatorTest" time="12.477" errors="0" timestamp="2020-09-18T10:35:20 IST" skipped="0">
  <testcase classname="com.atmecs.assignments.Selenium.LocatorTest" name="handlingFrameAndClickChatIconTest" time="6.308"/>
  <system-out/>
  <testcase classname="com.atmecs.assignments.Selenium.LocatorTest" name="fillingRequiredFieldsTest" time="6.169"/>
  <system-out/>
</testsuite> <!-- com.atmecs.assignments.Selenium.LocatorTest -->
