<?xml version="1.0" encoding="UTF-8"?>
<!-- Generated by org.testng.reporters.JUnitReportReporter -->
<testsuite hostname="ATMECSINLT-601" failures="0" tests="2" name="com.atmecs.assignments.Selenium.Assignment4" time="10.648" errors="0" timestamp="2020-09-18T10:04:56 IST" skipped="0">
  <testcase classname="com.atmecs.assignments.Selenium.Assignment4" name="handlingFrameAndClickChatIconTest" time="6.462"/>
  <system-out/>
  <testcase classname="com.atmecs.assignments.Selenium.Assignment4" name="fillingRequiredFieldsTest" time="4.186"/>
  <system-out/>
</testsuite> <!-- com.atmecs.assignments.Selenium.Assignment4 -->
