<?xml version="1.0" encoding="UTF-8"?>
<!-- Generated by org.testng.reporters.JUnitReportReporter -->
<testsuite hostname="ATMECSINLT-601" failures="0" tests="4" name="com.atmecs.automation.travelSiteAutomation.Assignment2" time="17.724" errors="0" timestamp="2020-09-18T16:24:43 IST" skipped="0">
  <testcase classname="com.atmecs.automation.travelSiteAutomation.Assignment2" name="signUpTest" time="3.425"/>
  <system-out/>
  <testcase classname="com.atmecs.automation.travelSiteAutomation.Assignment2" name="logInTest" time="2.405"/>
  <system-out/>
  <testcase classname="com.atmecs.automation.travelSiteAutomation.Assignment2" name="selectAndAddToCartProduct" time="9.341"/>
  <system-out/>
  <testcase classname="com.atmecs.automation.travelSiteAutomation.Assignment2" name="contactUsScript" time="2.553"/>
  <system-out/>
</testsuite> <!-- com.atmecs.automation.travelSiteAutomation.Assignment2 -->
