<?xml version="1.0" encoding="UTF-8"?>
<!-- Generated by org.testng.reporters.JUnitReportReporter -->
<testsuite hostname="ATMECSINLT-601" failures="0" tests="1" name="com.atmecs.automation.DemoBlaze.SelectAndAddProductToCart" time="10.176" errors="0" timestamp="2020-09-18T19:51:22 IST" skipped="0">
  <testcase classname="com.atmecs.automation.DemoBlaze.SelectAndAddProductToCart" name="selectAndAddToCartProduct" time="10.176"/>
  <system-out/>
</testsuite> <!-- com.atmecs.automation.DemoBlaze.SelectAndAddProductToCart -->
