<?xml version="1.0" encoding="UTF-8"?>
<!-- Generated by org.testng.reporters.JUnitReportReporter -->
<testsuite hostname="ATMECSINLT-601" failures="0" tests="1" name="com.atmecs.automation.HandlingFramesUsingJavaScriptExecuter.HandlingChatIconFrameUsingJS" time="10.242" errors="0" timestamp="2020-09-18T19:35:04 IST" skipped="0">
  <testcase classname="com.atmecs.automation.HandlingFramesUsingJavaScriptExecuter.HandlingChatIconFrameUsingJS" name="handlingFrameAndClickChatIconTest" time="10.242"/>
  <system-out/>
</testsuite> <!-- com.atmecs.automation.HandlingFramesUsingJavaScriptExecuter.HandlingChatIconFrameUsingJS -->
